2021-04-19 03:19:32,511 [Worker-5: Loading available Gradle versions] INFO  o.e.b.c.i.u.g.PublishedGradleVersions - Gradle version information cache is up-to-date. Trying to read.
2021-04-19 03:20:06,138 [Worker-3: Updating Maven Dependencies] INFO  o.e.m.c.i.l.LifecycleMappingFactory - Using org.maven.ide.eclipse.wtp.WarLifecycleMapping lifecycle mapping for MavenProject: FootnRest:FootnRest:0.0.1-SNAPSHOT @ /media/imadhou/imadhou/WebServices/TPF/FootnRest/pom.xml.
2021-04-19 03:20:06,253 [Worker-17: Building] INFO  o.e.m.c.i.l.LifecycleMappingFactory - Using org.maven.ide.eclipse.wtp.WarLifecycleMapping lifecycle mapping for MavenProject: FootnRest:FootnRest:0.0.1-SNAPSHOT @ /media/imadhou/imadhou/WebServices/TPF/FootnRest/pom.xml.
2021-04-19 03:20:07,871 [Worker-17: Building] WARN  o.e.m.c.i.embedder.EclipseLogger - Using platform encoding (UTF-8 actually) to copy filtered resources, i.e. build is platform dependent!
2021-04-19 03:20:07,874 [Worker-17: Building] INFO  o.e.m.c.i.embedder.EclipseLogger - skip non existing resourceDirectory /media/imadhou/imadhou/WebServices/TPF/FootnRest/src/main/resources
2021-04-19 03:20:07,878 [Worker-17: Building] WARN  o.e.m.c.i.embedder.EclipseLogger - Using platform encoding (UTF-8 actually) to copy filtered resources, i.e. build is platform dependent!
2021-04-19 03:20:07,878 [Worker-17: Building] INFO  o.e.m.c.i.embedder.EclipseLogger - skip non existing resourceDirectory /media/imadhou/imadhou/WebServices/TPF/FootnRest/src/test/resources
2021-04-19 03:20:09,333 [Worker-18: Updating Maven Dependencies] INFO  o.e.m.c.i.l.LifecycleMappingFactory - Using org.maven.ide.eclipse.wtp.WarLifecycleMapping lifecycle mapping for MavenProject: FootnRest:FootnRest:0.0.1-SNAPSHOT @ /media/imadhou/imadhou/WebServices/TPF/FootnRest/pom.xml.
2021-04-19 03:20:26,785 [Worker-17: Building] WARN  o.e.m.c.i.embedder.EclipseLogger - Using platform encoding (UTF-8 actually) to copy filtered resources, i.e. build is platform dependent!
2021-04-19 03:20:26,786 [Worker-17: Building] INFO  o.e.m.c.i.embedder.EclipseLogger - skip non existing resourceDirectory /media/imadhou/imadhou/WebServices/TPF/FootnRest/src/main/resources
2021-04-19 03:20:26,788 [Worker-17: Building] WARN  o.e.m.c.i.embedder.EclipseLogger - Using platform encoding (UTF-8 actually) to copy filtered resources, i.e. build is platform dependent!
2021-04-19 03:20:26,788 [Worker-17: Building] INFO  o.e.m.c.i.embedder.EclipseLogger - skip non existing resourceDirectory /media/imadhou/imadhou/WebServices/TPF/FootnRest/src/test/resources
2021-04-19 03:21:15,552 [Worker-0: Building] WARN  o.e.m.c.i.embedder.EclipseLogger - Using platform encoding (UTF-8 actually) to copy filtered resources, i.e. build is platform dependent!
2021-04-19 03:21:15,553 [Worker-0: Building] INFO  o.e.m.c.i.embedder.EclipseLogger - skip non existing resourceDirectory /media/imadhou/imadhou/WebServices/TPF/FootnRest/src/main/resources
2021-04-19 03:21:15,555 [Worker-0: Building] WARN  o.e.m.c.i.embedder.EclipseLogger - Using platform encoding (UTF-8 actually) to copy filtered resources, i.e. build is platform dependent!
2021-04-19 03:21:15,555 [Worker-0: Building] INFO  o.e.m.c.i.embedder.EclipseLogger - skip non existing resourceDirectory /media/imadhou/imadhou/WebServices/TPF/FootnRest/src/test/resources
2021-04-19 03:21:18,879 [Worker-8: Building] WARN  o.e.m.c.i.embedder.EclipseLogger - Using platform encoding (UTF-8 actually) to copy filtered resources, i.e. build is platform dependent!
2021-04-19 03:21:18,879 [Worker-8: Building] INFO  o.e.m.c.i.embedder.EclipseLogger - skip non existing resourceDirectory /media/imadhou/imadhou/WebServices/TPF/FootnRest/src/main/resources
2021-04-19 03:21:18,881 [Worker-8: Building] WARN  o.e.m.c.i.embedder.EclipseLogger - Using platform encoding (UTF-8 actually) to copy filtered resources, i.e. build is platform dependent!
2021-04-19 03:21:18,882 [Worker-8: Building] INFO  o.e.m.c.i.embedder.EclipseLogger - skip non existing resourceDirectory /media/imadhou/imadhou/WebServices/TPF/FootnRest/src/test/resources
2021-04-19 03:21:56,054 [Worker-10: Building] WARN  o.e.m.c.i.embedder.EclipseLogger - Using platform encoding (UTF-8 actually) to copy filtered resources, i.e. build is platform dependent!
2021-04-19 03:21:56,054 [Worker-10: Building] INFO  o.e.m.c.i.embedder.EclipseLogger - skip non existing resourceDirectory /media/imadhou/imadhou/WebServices/TPF/FootnRest/src/main/resources
2021-04-19 03:21:56,056 [Worker-10: Building] WARN  o.e.m.c.i.embedder.EclipseLogger - Using platform encoding (UTF-8 actually) to copy filtered resources, i.e. build is platform dependent!
2021-04-19 03:21:56,057 [Worker-10: Building] INFO  o.e.m.c.i.embedder.EclipseLogger - skip non existing resourceDirectory /media/imadhou/imadhou/WebServices/TPF/FootnRest/src/test/resources
2021-04-19 22:28:09,821 [Worker-7: Loading available Gradle versions] INFO  o.e.b.c.i.u.g.PublishedGradleVersions - Gradle version information cache is up-to-date. Trying to read.
2021-04-19 22:28:17,844 [Worker-3: Building] WARN  o.e.m.c.i.embedder.EclipseLogger - Using platform encoding (UTF-8 actually) to copy filtered resources, i.e. build is platform dependent!
2021-04-19 22:28:17,874 [Worker-3: Building] INFO  o.e.m.c.i.embedder.EclipseLogger - skip non existing resourceDirectory /media/imadhou/imadhou/WebServices/TPF/FootnRest/src/main/resources
2021-04-19 22:28:17,877 [Worker-3: Building] WARN  o.e.m.c.i.embedder.EclipseLogger - Using platform encoding (UTF-8 actually) to copy filtered resources, i.e. build is platform dependent!
2021-04-19 22:28:17,878 [Worker-3: Building] INFO  o.e.m.c.i.embedder.EclipseLogger - skip non existing resourceDirectory /media/imadhou/imadhou/WebServices/TPF/FootnRest/src/test/resources
2021-04-19 22:41:39,300 [Worker-0: Loading available Gradle versions] INFO  o.e.b.c.i.u.g.PublishedGradleVersions - Gradle version information cache is up-to-date. Trying to read.
2021-04-19 22:41:43,434 [Worker-4: Building] WARN  o.e.m.c.i.embedder.EclipseLogger - Using platform encoding (UTF-8 actually) to copy filtered resources, i.e. build is platform dependent!
2021-04-19 22:41:43,439 [Worker-4: Building] INFO  o.e.m.c.i.embedder.EclipseLogger - skip non existing resourceDirectory /media/imadhou/imadhou/WebServices/TPF/FootnRest/src/main/resources
2021-04-19 22:41:43,443 [Worker-4: Building] WARN  o.e.m.c.i.embedder.EclipseLogger - Using platform encoding (UTF-8 actually) to copy filtered resources, i.e. build is platform dependent!
2021-04-19 22:41:43,444 [Worker-4: Building] INFO  o.e.m.c.i.embedder.EclipseLogger - skip non existing resourceDirectory /media/imadhou/imadhou/WebServices/TPF/FootnRest/src/test/resources
2021-04-19 23:43:24,847 [Worker-1: Loading available Gradle versions] INFO  o.e.b.c.i.u.g.PublishedGradleVersions - Gradle version information cache is up-to-date. Trying to read.
2021-04-19 23:43:29,228 [Worker-1: Building] WARN  o.e.m.c.i.embedder.EclipseLogger - Using platform encoding (UTF-8 actually) to copy filtered resources, i.e. build is platform dependent!
2021-04-19 23:43:29,266 [Worker-1: Building] INFO  o.e.m.c.i.embedder.EclipseLogger - skip non existing resourceDirectory /media/imadhou/imadhou/WebServices/TPF/FootnRest/src/main/resources
2021-04-19 23:43:29,269 [Worker-1: Building] WARN  o.e.m.c.i.embedder.EclipseLogger - Using platform encoding (UTF-8 actually) to copy filtered resources, i.e. build is platform dependent!
2021-04-19 23:43:29,270 [Worker-1: Building] INFO  o.e.m.c.i.embedder.EclipseLogger - skip non existing resourceDirectory /media/imadhou/imadhou/WebServices/TPF/FootnRest/src/test/resources
2021-04-19 23:45:46,991 [Worker-6: Building] WARN  o.e.m.c.i.embedder.EclipseLogger - Using platform encoding (UTF-8 actually) to copy filtered resources, i.e. build is platform dependent!
2021-04-19 23:45:46,997 [Worker-6: Building] INFO  o.e.m.c.i.embedder.EclipseLogger - skip non existing resourceDirectory /media/imadhou/imadhou/WebServices/TPF/FootnRest/src/main/resources
2021-04-19 23:45:46,999 [Worker-6: Building] WARN  o.e.m.c.i.embedder.EclipseLogger - Using platform encoding (UTF-8 actually) to copy filtered resources, i.e. build is platform dependent!
2021-04-19 23:45:47,000 [Worker-6: Building] INFO  o.e.m.c.i.embedder.EclipseLogger - skip non existing resourceDirectory /media/imadhou/imadhou/WebServices/TPF/FootnRest/src/test/resources
2021-04-19 23:47:14,479 [Worker-11: Building] WARN  o.e.m.c.i.embedder.EclipseLogger - Using platform encoding (UTF-8 actually) to copy filtered resources, i.e. build is platform dependent!
2021-04-19 23:47:14,479 [Worker-11: Building] INFO  o.e.m.c.i.embedder.EclipseLogger - skip non existing resourceDirectory /media/imadhou/imadhou/WebServices/TPF/FootnRest/src/main/resources
2021-04-19 23:47:14,481 [Worker-11: Building] WARN  o.e.m.c.i.embedder.EclipseLogger - Using platform encoding (UTF-8 actually) to copy filtered resources, i.e. build is platform dependent!
2021-04-19 23:47:14,481 [Worker-11: Building] INFO  o.e.m.c.i.embedder.EclipseLogger - skip non existing resourceDirectory /media/imadhou/imadhou/WebServices/TPF/FootnRest/src/test/resources
2021-04-19 23:48:37,197 [Worker-0: Building] WARN  o.e.m.c.i.embedder.EclipseLogger - Using platform encoding (UTF-8 actually) to copy filtered resources, i.e. build is platform dependent!
2021-04-19 23:48:37,198 [Worker-0: Building] INFO  o.e.m.c.i.embedder.EclipseLogger - skip non existing resourceDirectory /media/imadhou/imadhou/WebServices/TPF/FootnRest/src/main/resources
2021-04-19 23:48:37,200 [Worker-0: Building] WARN  o.e.m.c.i.embedder.EclipseLogger - Using platform encoding (UTF-8 actually) to copy filtered resources, i.e. build is platform dependent!
2021-04-19 23:48:37,203 [Worker-0: Building] INFO  o.e.m.c.i.embedder.EclipseLogger - skip non existing resourceDirectory /media/imadhou/imadhou/WebServices/TPF/FootnRest/src/test/resources
2021-04-20 01:20:39,950 [Worker-40: Building] WARN  o.e.m.c.i.embedder.EclipseLogger - Using platform encoding (UTF-8 actually) to copy filtered resources, i.e. build is platform dependent!
2021-04-20 01:20:39,951 [Worker-40: Building] INFO  o.e.m.c.i.embedder.EclipseLogger - skip non existing resourceDirectory /media/imadhou/imadhou/WebServices/TPF/FootnRest/src/main/resources
2021-04-20 01:20:39,952 [Worker-40: Building] WARN  o.e.m.c.i.embedder.EclipseLogger - Using platform encoding (UTF-8 actually) to copy filtered resources, i.e. build is platform dependent!
2021-04-20 01:20:39,953 [Worker-40: Building] INFO  o.e.m.c.i.embedder.EclipseLogger - skip non existing resourceDirectory /media/imadhou/imadhou/WebServices/TPF/FootnRest/src/test/resources
2021-04-20 03:12:00,573 [Worker-53: Enabling Maven Dependency Management] INFO  o.e.m.c.i.l.LifecycleMappingFactory - Using org.maven.ide.eclipse.wtp.WarLifecycleMapping lifecycle mapping for MavenProject: SoapEndFoot:SoapEndFoot:0.0.1-SNAPSHOT @ /media/imadhou/imadhou/WebServices/TPF/SoapEndFoot/pom.xml.
2021-04-20 03:12:01,943 [Worker-53: Enabling Maven Dependency Management] INFO  o.e.m.j.i.AbstractJavaProjectConfigurator - Adding source folder /SoapEndFoot/src
2021-04-20 03:12:01,944 [Worker-53: Enabling Maven Dependency Management] INFO  o.e.m.j.i.AbstractJavaProjectConfigurator - Not adding source folder /SoapEndFoot/src/test/java because it overlaps with /SoapEndFoot/src
2021-04-20 03:12:03,315 [Worker-53: Enabling Maven Dependency Management] INFO  o.e.m.c.i.p.ProjectConfigurationManager - Update started
2021-04-20 03:12:03,577 [Worker-53: Enabling Maven Dependency Management] INFO  o.e.m.c.i.l.LifecycleMappingFactory - Using org.maven.ide.eclipse.wtp.WarLifecycleMapping lifecycle mapping for MavenProject: SoapEndFoot:SoapEndFoot:0.0.1-SNAPSHOT @ /media/imadhou/imadhou/WebServices/TPF/SoapEndFoot/pom.xml.
2021-04-20 03:12:04,927 [Worker-53: Enabling Maven Dependency Management] INFO  o.e.m.j.i.AbstractJavaProjectConfigurator - Adding source folder /SoapEndFoot/src
2021-04-20 03:12:04,927 [Worker-53: Enabling Maven Dependency Management] INFO  o.e.m.j.i.AbstractJavaProjectConfigurator - Not adding source folder /SoapEndFoot/src/test/java because it overlaps with /SoapEndFoot/src
2021-04-20 03:12:05,124 [Worker-53: Enabling Maven Dependency Management] INFO  o.e.m.w.i.f.ResourceFilteringBuildParticipant - Cleaning filtered folder for SoapEndFoot
2021-04-20 03:12:05,140 [Worker-53: Enabling Maven Dependency Management] INFO  o.e.m.c.i.p.ProjectConfigurationManager - Update completed: 1 sec
2021-04-20 03:12:05,433 [Worker-57: Building] WARN  o.e.m.c.i.embedder.EclipseLogger - Using platform encoding (UTF-8 actually) to copy filtered resources, i.e. build is platform dependent!
2021-04-20 03:12:05,434 [Worker-57: Building] INFO  o.e.m.c.i.embedder.EclipseLogger - skip non existing resourceDirectory /media/imadhou/imadhou/WebServices/TPF/SoapEndFoot/src/main/resources
2021-04-20 03:12:05,436 [Worker-57: Building] WARN  o.e.m.c.i.embedder.EclipseLogger - Using platform encoding (UTF-8 actually) to copy filtered resources, i.e. build is platform dependent!
2021-04-20 03:12:05,436 [Worker-57: Building] INFO  o.e.m.c.i.embedder.EclipseLogger - skip non existing resourceDirectory /media/imadhou/imadhou/WebServices/TPF/SoapEndFoot/src/test/resources
2021-04-20 03:12:05,437 [Worker-57: Building] INFO  o.e.m.w.i.f.ResourceFilteringBuildParticipant - Changed resources require a complete clean of filtered resources of SoapEndFoot
2021-04-20 03:12:05,437 [Worker-57: Building] INFO  o.e.m.w.i.f.ResourceFilteringBuildParticipant - Executing resource filtering for SoapEndFoot
2021-04-20 03:12:05,459 [Worker-57: Building] WARN  o.e.m.c.i.embedder.EclipseLogger - Using platform encoding (UTF-8 actually) to copy filtered resources, i.e. build is platform dependent!
2021-04-20 03:12:33,822 [Worker-60: Building] INFO  o.e.m.c.i.l.LifecycleMappingFactory - Using org.maven.ide.eclipse.wtp.WarLifecycleMapping lifecycle mapping for MavenProject: SoapEndFoot:SoapEndFoot:0.0.1-SNAPSHOT @ /media/imadhou/imadhou/WebServices/TPF/SoapEndFoot/pom.xml.
2021-04-20 03:12:33,911 [Worker-60: Building] WARN  o.e.m.c.i.embedder.EclipseLogger - Using platform encoding (UTF-8 actually) to copy filtered resources, i.e. build is platform dependent!
2021-04-20 03:12:33,912 [Worker-60: Building] INFO  o.e.m.c.i.embedder.EclipseLogger - skip non existing resourceDirectory /media/imadhou/imadhou/WebServices/TPF/SoapEndFoot/src/main/resources
2021-04-20 03:12:33,914 [Worker-60: Building] WARN  o.e.m.c.i.embedder.EclipseLogger - Using platform encoding (UTF-8 actually) to copy filtered resources, i.e. build is platform dependent!
2021-04-20 03:12:33,915 [Worker-60: Building] INFO  o.e.m.c.i.embedder.EclipseLogger - skip non existing resourceDirectory /media/imadhou/imadhou/WebServices/TPF/SoapEndFoot/src/test/resources
2021-04-20 03:12:33,915 [Worker-60: Building] INFO  o.e.m.w.i.f.ResourceFilteringBuildParticipant - Changed resources require a complete clean of filtered resources of SoapEndFoot
2021-04-20 03:12:33,915 [Worker-60: Building] INFO  o.e.m.w.i.f.ResourceFilteringBuildParticipant - Executing resource filtering for SoapEndFoot
2021-04-20 03:12:33,919 [Worker-60: Building] WARN  o.e.m.c.i.embedder.EclipseLogger - Using platform encoding (UTF-8 actually) to copy filtered resources, i.e. build is platform dependent!
2021-04-20 03:12:36,523 [Worker-55: Building] WARN  o.e.m.c.i.embedder.EclipseLogger - Using platform encoding (UTF-8 actually) to copy filtered resources, i.e. build is platform dependent!
2021-04-20 03:12:36,523 [Worker-55: Building] INFO  o.e.m.c.i.embedder.EclipseLogger - skip non existing resourceDirectory /media/imadhou/imadhou/WebServices/TPF/SoapEndFoot/src/main/resources
2021-04-20 03:12:36,525 [Worker-55: Building] WARN  o.e.m.c.i.embedder.EclipseLogger - Using platform encoding (UTF-8 actually) to copy filtered resources, i.e. build is platform dependent!
2021-04-20 03:12:36,526 [Worker-55: Building] INFO  o.e.m.c.i.embedder.EclipseLogger - skip non existing resourceDirectory /media/imadhou/imadhou/WebServices/TPF/SoapEndFoot/src/test/resources
2021-04-20 03:12:51,269 [Worker-58: Updating Maven Project] INFO  o.e.m.c.i.p.ProjectConfigurationManager - Update started
2021-04-20 03:12:51,530 [Worker-58: Updating Maven Project] INFO  o.e.m.c.i.l.LifecycleMappingFactory - Using org.maven.ide.eclipse.wtp.WarLifecycleMapping lifecycle mapping for MavenProject: SoapEndFoot:SoapEndFoot:0.0.1-SNAPSHOT @ /media/imadhou/imadhou/WebServices/TPF/SoapEndFoot/pom.xml.
2021-04-20 03:12:51,630 [Worker-58: Updating Maven Project] INFO  o.e.m.j.i.AbstractJavaProjectConfigurator - Adding source folder /SoapEndFoot/src
2021-04-20 03:12:51,631 [Worker-58: Updating Maven Project] INFO  o.e.m.j.i.AbstractJavaProjectConfigurator - Not adding source folder /SoapEndFoot/src/test/java because it overlaps with /SoapEndFoot/src
2021-04-20 03:12:52,288 [Worker-58: Updating Maven Project] INFO  o.e.m.w.i.f.ResourceFilteringBuildParticipant - Cleaning filtered folder for SoapEndFoot
2021-04-20 03:12:52,291 [Worker-58: Updating Maven Project] INFO  o.e.m.c.i.p.ProjectConfigurationManager - Update completed: 1 sec
2021-04-20 03:12:52,543 [Worker-55: Building] WARN  o.e.m.c.i.embedder.EclipseLogger - Using platform encoding (UTF-8 actually) to copy filtered resources, i.e. build is platform dependent!
2021-04-20 03:12:52,543 [Worker-55: Building] INFO  o.e.m.c.i.embedder.EclipseLogger - skip non existing resourceDirectory /media/imadhou/imadhou/WebServices/TPF/SoapEndFoot/src/main/resources
2021-04-20 03:12:52,544 [Worker-55: Building] WARN  o.e.m.c.i.embedder.EclipseLogger - Using platform encoding (UTF-8 actually) to copy filtered resources, i.e. build is platform dependent!
2021-04-20 03:12:52,545 [Worker-55: Building] INFO  o.e.m.c.i.embedder.EclipseLogger - skip non existing resourceDirectory /media/imadhou/imadhou/WebServices/TPF/SoapEndFoot/src/test/resources
2021-04-20 03:12:52,545 [Worker-55: Building] INFO  o.e.m.w.i.f.ResourceFilteringBuildParticipant - Changed resources require a complete clean of filtered resources of SoapEndFoot
2021-04-20 03:12:52,545 [Worker-55: Building] INFO  o.e.m.w.i.f.ResourceFilteringBuildParticipant - Executing resource filtering for SoapEndFoot
2021-04-20 03:12:52,548 [Worker-55: Building] WARN  o.e.m.c.i.embedder.EclipseLogger - Using platform encoding (UTF-8 actually) to copy filtered resources, i.e. build is platform dependent!
2021-04-20 03:13:31,236 [Worker-60: Building] WARN  o.e.m.c.i.embedder.EclipseLogger - Using platform encoding (UTF-8 actually) to copy filtered resources, i.e. build is platform dependent!
2021-04-20 03:13:31,237 [Worker-60: Building] INFO  o.e.m.c.i.embedder.EclipseLogger - skip non existing resourceDirectory /media/imadhou/imadhou/WebServices/TPF/SoapEndFoot/src/main/resources
2021-04-20 03:13:31,240 [Worker-60: Building] WARN  o.e.m.c.i.embedder.EclipseLogger - Using platform encoding (UTF-8 actually) to copy filtered resources, i.e. build is platform dependent!
2021-04-20 03:13:31,241 [Worker-60: Building] INFO  o.e.m.c.i.embedder.EclipseLogger - skip non existing resourceDirectory /media/imadhou/imadhou/WebServices/TPF/SoapEndFoot/src/test/resources
2021-04-20 05:12:40,122 [Worker-4: Loading available Gradle versions] INFO  o.e.b.c.i.u.g.PublishedGradleVersions - Gradle version information cache is out-of-date. Trying to update.
2021-04-20 05:12:51,246 [Worker-9: Building] WARN  o.e.m.c.i.embedder.EclipseLogger - Using platform encoding (UTF-8 actually) to copy filtered resources, i.e. build is platform dependent!
2021-04-20 05:12:51,311 [Worker-9: Building] INFO  o.e.m.c.i.embedder.EclipseLogger - skip non existing resourceDirectory /media/imadhou/imadhou/WebServices/TPF/FootnRest/src/main/resources
2021-04-20 05:12:51,315 [Worker-9: Building] WARN  o.e.m.c.i.embedder.EclipseLogger - Using platform encoding (UTF-8 actually) to copy filtered resources, i.e. build is platform dependent!
2021-04-20 05:12:51,315 [Worker-9: Building] INFO  o.e.m.c.i.embedder.EclipseLogger - skip non existing resourceDirectory /media/imadhou/imadhou/WebServices/TPF/FootnRest/src/test/resources
2021-04-20 05:12:56,705 [Worker-0: Building] WARN  o.e.m.c.i.embedder.EclipseLogger - Using platform encoding (UTF-8 actually) to copy filtered resources, i.e. build is platform dependent!
2021-04-20 05:12:56,706 [Worker-0: Building] INFO  o.e.m.c.i.embedder.EclipseLogger - skip non existing resourceDirectory /media/imadhou/imadhou/WebServices/TPF/SoapEndFoot/src/main/resources
2021-04-20 05:12:56,708 [Worker-0: Building] WARN  o.e.m.c.i.embedder.EclipseLogger - Using platform encoding (UTF-8 actually) to copy filtered resources, i.e. build is platform dependent!
2021-04-20 05:12:56,709 [Worker-0: Building] INFO  o.e.m.c.i.embedder.EclipseLogger - skip non existing resourceDirectory /media/imadhou/imadhou/WebServices/TPF/SoapEndFoot/src/test/resources
2021-04-20 21:49:29,834 [Worker-3: Loading available Gradle versions] INFO  o.e.b.c.i.u.g.PublishedGradleVersions - Gradle version information cache is up-to-date. Trying to read.
2021-04-20 21:49:45,548 [Worker-3: Building] WARN  o.e.m.c.i.embedder.EclipseLogger - Using platform encoding (UTF-8 actually) to copy filtered resources, i.e. build is platform dependent!
2021-04-20 21:49:45,564 [Worker-3: Building] INFO  o.e.m.c.i.embedder.EclipseLogger - skip non existing resourceDirectory /media/imadhou/imadhou/WebServices/TPF/FootnRest/src/main/resources
2021-04-20 21:49:45,568 [Worker-3: Building] WARN  o.e.m.c.i.embedder.EclipseLogger - Using platform encoding (UTF-8 actually) to copy filtered resources, i.e. build is platform dependent!
2021-04-20 21:49:45,568 [Worker-3: Building] INFO  o.e.m.c.i.embedder.EclipseLogger - skip non existing resourceDirectory /media/imadhou/imadhou/WebServices/TPF/FootnRest/src/test/resources
2021-04-20 21:49:47,672 [Worker-3: Building] INFO  o.e.m.c.i.l.LifecycleMappingFactory - Using org.maven.ide.eclipse.wtp.WarLifecycleMapping lifecycle mapping for MavenProject: SoapEndFoot:SoapEndFoot:0.0.1-SNAPSHOT @ /media/imadhou/imadhou/WebServices/TPF/SoapEndFoot/pom.xml.
2021-04-20 21:49:47,902 [Worker-3: Building] WARN  o.e.m.c.i.embedder.EclipseLogger - Using platform encoding (UTF-8 actually) to copy filtered resources, i.e. build is platform dependent!
2021-04-20 21:49:47,903 [Worker-3: Building] INFO  o.e.m.c.i.embedder.EclipseLogger - skip non existing resourceDirectory /media/imadhou/imadhou/WebServices/TPF/SoapEndFoot/src/main/resources
2021-04-20 21:49:47,905 [Worker-3: Building] WARN  o.e.m.c.i.embedder.EclipseLogger - Using platform encoding (UTF-8 actually) to copy filtered resources, i.e. build is platform dependent!
2021-04-20 21:49:47,905 [Worker-3: Building] INFO  o.e.m.c.i.embedder.EclipseLogger - skip non existing resourceDirectory /media/imadhou/imadhou/WebServices/TPF/SoapEndFoot/src/test/resources
2021-04-20 23:24:21,462 [Worker-28: Building] WARN  o.e.m.c.i.embedder.EclipseLogger - Using platform encoding (UTF-8 actually) to copy filtered resources, i.e. build is platform dependent!
2021-04-20 23:24:21,463 [Worker-28: Building] INFO  o.e.m.c.i.embedder.EclipseLogger - skip non existing resourceDirectory /media/imadhou/imadhou/WebServices/TPF/FootnRest/src/main/resources
2021-04-20 23:24:21,464 [Worker-28: Building] WARN  o.e.m.c.i.embedder.EclipseLogger - Using platform encoding (UTF-8 actually) to copy filtered resources, i.e. build is platform dependent!
2021-04-20 23:24:21,465 [Worker-28: Building] INFO  o.e.m.c.i.embedder.EclipseLogger - skip non existing resourceDirectory /media/imadhou/imadhou/WebServices/TPF/FootnRest/src/test/resources
2021-04-20 23:24:57,101 [Worker-24: Building] WARN  o.e.m.c.i.embedder.EclipseLogger - Using platform encoding (UTF-8 actually) to copy filtered resources, i.e. build is platform dependent!
2021-04-20 23:24:57,101 [Worker-24: Building] INFO  o.e.m.c.i.embedder.EclipseLogger - skip non existing resourceDirectory /media/imadhou/imadhou/WebServices/TPF/FootnRest/src/main/resources
2021-04-20 23:24:57,103 [Worker-24: Building] WARN  o.e.m.c.i.embedder.EclipseLogger - Using platform encoding (UTF-8 actually) to copy filtered resources, i.e. build is platform dependent!
2021-04-20 23:24:57,104 [Worker-24: Building] INFO  o.e.m.c.i.embedder.EclipseLogger - skip non existing resourceDirectory /media/imadhou/imadhou/WebServices/TPF/FootnRest/src/test/resources
2021-04-20 23:25:55,999 [Worker-1: Building] WARN  o.e.m.c.i.embedder.EclipseLogger - Using platform encoding (UTF-8 actually) to copy filtered resources, i.e. build is platform dependent!
2021-04-20 23:25:55,999 [Worker-1: Building] INFO  o.e.m.c.i.embedder.EclipseLogger - skip non existing resourceDirectory /media/imadhou/imadhou/WebServices/TPF/FootnRest/src/main/resources
2021-04-20 23:25:56,002 [Worker-1: Building] WARN  o.e.m.c.i.embedder.EclipseLogger - Using platform encoding (UTF-8 actually) to copy filtered resources, i.e. build is platform dependent!
2021-04-20 23:25:56,002 [Worker-1: Building] INFO  o.e.m.c.i.embedder.EclipseLogger - skip non existing resourceDirectory /media/imadhou/imadhou/WebServices/TPF/FootnRest/src/test/resources
2021-04-20 23:26:24,595 [Worker-26: Building] WARN  o.e.m.c.i.embedder.EclipseLogger - Using platform encoding (UTF-8 actually) to copy filtered resources, i.e. build is platform dependent!
2021-04-20 23:26:24,596 [Worker-26: Building] INFO  o.e.m.c.i.embedder.EclipseLogger - skip non existing resourceDirectory /media/imadhou/imadhou/WebServices/TPF/FootnRest/src/main/resources
2021-04-20 23:26:24,598 [Worker-26: Building] WARN  o.e.m.c.i.embedder.EclipseLogger - Using platform encoding (UTF-8 actually) to copy filtered resources, i.e. build is platform dependent!
2021-04-20 23:26:24,598 [Worker-26: Building] INFO  o.e.m.c.i.embedder.EclipseLogger - skip non existing resourceDirectory /media/imadhou/imadhou/WebServices/TPF/FootnRest/src/test/resources
2021-04-20 23:27:19,657 [Worker-6: Building] WARN  o.e.m.c.i.embedder.EclipseLogger - Using platform encoding (UTF-8 actually) to copy filtered resources, i.e. build is platform dependent!
2021-04-20 23:27:19,658 [Worker-6: Building] INFO  o.e.m.c.i.embedder.EclipseLogger - skip non existing resourceDirectory /media/imadhou/imadhou/WebServices/TPF/FootnRest/src/main/resources
2021-04-20 23:27:19,659 [Worker-6: Building] WARN  o.e.m.c.i.embedder.EclipseLogger - Using platform encoding (UTF-8 actually) to copy filtered resources, i.e. build is platform dependent!
2021-04-20 23:27:19,660 [Worker-6: Building] INFO  o.e.m.c.i.embedder.EclipseLogger - skip non existing resourceDirectory /media/imadhou/imadhou/WebServices/TPF/FootnRest/src/test/resources
2021-04-20 23:28:14,520 [Worker-6: Building] WARN  o.e.m.c.i.embedder.EclipseLogger - Using platform encoding (UTF-8 actually) to copy filtered resources, i.e. build is platform dependent!
2021-04-20 23:28:14,520 [Worker-6: Building] INFO  o.e.m.c.i.embedder.EclipseLogger - skip non existing resourceDirectory /media/imadhou/imadhou/WebServices/TPF/FootnRest/src/main/resources
2021-04-20 23:28:14,522 [Worker-6: Building] WARN  o.e.m.c.i.embedder.EclipseLogger - Using platform encoding (UTF-8 actually) to copy filtered resources, i.e. build is platform dependent!
2021-04-20 23:28:14,523 [Worker-6: Building] INFO  o.e.m.c.i.embedder.EclipseLogger - skip non existing resourceDirectory /media/imadhou/imadhou/WebServices/TPF/FootnRest/src/test/resources
2021-04-20 23:28:38,102 [Worker-1: Building] WARN  o.e.m.c.i.embedder.EclipseLogger - Using platform encoding (UTF-8 actually) to copy filtered resources, i.e. build is platform dependent!
2021-04-20 23:28:38,103 [Worker-1: Building] INFO  o.e.m.c.i.embedder.EclipseLogger - skip non existing resourceDirectory /media/imadhou/imadhou/WebServices/TPF/FootnRest/src/main/resources
2021-04-20 23:28:38,104 [Worker-1: Building] WARN  o.e.m.c.i.embedder.EclipseLogger - Using platform encoding (UTF-8 actually) to copy filtered resources, i.e. build is platform dependent!
2021-04-20 23:28:38,105 [Worker-1: Building] INFO  o.e.m.c.i.embedder.EclipseLogger - skip non existing resourceDirectory /media/imadhou/imadhou/WebServices/TPF/FootnRest/src/test/resources
2021-04-20 23:29:07,457 [Worker-28: Building] WARN  o.e.m.c.i.embedder.EclipseLogger - Using platform encoding (UTF-8 actually) to copy filtered resources, i.e. build is platform dependent!
2021-04-20 23:29:07,458 [Worker-28: Building] INFO  o.e.m.c.i.embedder.EclipseLogger - skip non existing resourceDirectory /media/imadhou/imadhou/WebServices/TPF/FootnRest/src/main/resources
2021-04-20 23:29:07,460 [Worker-28: Building] WARN  o.e.m.c.i.embedder.EclipseLogger - Using platform encoding (UTF-8 actually) to copy filtered resources, i.e. build is platform dependent!
2021-04-20 23:29:07,461 [Worker-28: Building] INFO  o.e.m.c.i.embedder.EclipseLogger - skip non existing resourceDirectory /media/imadhou/imadhou/WebServices/TPF/FootnRest/src/test/resources
2021-04-20 23:29:27,393 [Worker-24: Building] WARN  o.e.m.c.i.embedder.EclipseLogger - Using platform encoding (UTF-8 actually) to copy filtered resources, i.e. build is platform dependent!
2021-04-20 23:29:27,394 [Worker-24: Building] INFO  o.e.m.c.i.embedder.EclipseLogger - skip non existing resourceDirectory /media/imadhou/imadhou/WebServices/TPF/FootnRest/src/main/resources
2021-04-20 23:29:27,396 [Worker-24: Building] WARN  o.e.m.c.i.embedder.EclipseLogger - Using platform encoding (UTF-8 actually) to copy filtered resources, i.e. build is platform dependent!
2021-04-20 23:29:27,396 [Worker-24: Building] INFO  o.e.m.c.i.embedder.EclipseLogger - skip non existing resourceDirectory /media/imadhou/imadhou/WebServices/TPF/FootnRest/src/test/resources
2021-04-20 23:29:54,245 [Worker-29: Building] WARN  o.e.m.c.i.embedder.EclipseLogger - Using platform encoding (UTF-8 actually) to copy filtered resources, i.e. build is platform dependent!
2021-04-20 23:29:54,245 [Worker-29: Building] INFO  o.e.m.c.i.embedder.EclipseLogger - skip non existing resourceDirectory /media/imadhou/imadhou/WebServices/TPF/FootnRest/src/main/resources
2021-04-20 23:29:54,246 [Worker-29: Building] WARN  o.e.m.c.i.embedder.EclipseLogger - Using platform encoding (UTF-8 actually) to copy filtered resources, i.e. build is platform dependent!
2021-04-20 23:29:54,247 [Worker-29: Building] INFO  o.e.m.c.i.embedder.EclipseLogger - skip non existing resourceDirectory /media/imadhou/imadhou/WebServices/TPF/FootnRest/src/test/resources
2021-04-20 23:30:06,760 [Worker-28: Building] WARN  o.e.m.c.i.embedder.EclipseLogger - Using platform encoding (UTF-8 actually) to copy filtered resources, i.e. build is platform dependent!
2021-04-20 23:30:06,761 [Worker-28: Building] INFO  o.e.m.c.i.embedder.EclipseLogger - skip non existing resourceDirectory /media/imadhou/imadhou/WebServices/TPF/FootnRest/src/main/resources
2021-04-20 23:30:06,762 [Worker-28: Building] WARN  o.e.m.c.i.embedder.EclipseLogger - Using platform encoding (UTF-8 actually) to copy filtered resources, i.e. build is platform dependent!
2021-04-20 23:30:06,763 [Worker-28: Building] INFO  o.e.m.c.i.embedder.EclipseLogger - skip non existing resourceDirectory /media/imadhou/imadhou/WebServices/TPF/FootnRest/src/test/resources
2021-04-20 23:30:32,742 [Worker-1: Building] WARN  o.e.m.c.i.embedder.EclipseLogger - Using platform encoding (UTF-8 actually) to copy filtered resources, i.e. build is platform dependent!
2021-04-20 23:30:32,742 [Worker-1: Building] INFO  o.e.m.c.i.embedder.EclipseLogger - skip non existing resourceDirectory /media/imadhou/imadhou/WebServices/TPF/FootnRest/src/main/resources
2021-04-20 23:30:32,744 [Worker-1: Building] WARN  o.e.m.c.i.embedder.EclipseLogger - Using platform encoding (UTF-8 actually) to copy filtered resources, i.e. build is platform dependent!
2021-04-20 23:30:32,744 [Worker-1: Building] INFO  o.e.m.c.i.embedder.EclipseLogger - skip non existing resourceDirectory /media/imadhou/imadhou/WebServices/TPF/FootnRest/src/test/resources
2021-04-20 23:31:17,587 [Worker-24: Building] WARN  o.e.m.c.i.embedder.EclipseLogger - Using platform encoding (UTF-8 actually) to copy filtered resources, i.e. build is platform dependent!
2021-04-20 23:31:17,587 [Worker-24: Building] INFO  o.e.m.c.i.embedder.EclipseLogger - skip non existing resourceDirectory /media/imadhou/imadhou/WebServices/TPF/FootnRest/src/main/resources
2021-04-20 23:31:17,589 [Worker-24: Building] WARN  o.e.m.c.i.embedder.EclipseLogger - Using platform encoding (UTF-8 actually) to copy filtered resources, i.e. build is platform dependent!
2021-04-20 23:31:17,590 [Worker-24: Building] INFO  o.e.m.c.i.embedder.EclipseLogger - skip non existing resourceDirectory /media/imadhou/imadhou/WebServices/TPF/FootnRest/src/test/resources
2021-04-20 23:31:40,356 [Worker-6: Building] WARN  o.e.m.c.i.embedder.EclipseLogger - Using platform encoding (UTF-8 actually) to copy filtered resources, i.e. build is platform dependent!
2021-04-20 23:31:40,357 [Worker-6: Building] INFO  o.e.m.c.i.embedder.EclipseLogger - skip non existing resourceDirectory /media/imadhou/imadhou/WebServices/TPF/FootnRest/src/main/resources
2021-04-20 23:31:40,359 [Worker-6: Building] WARN  o.e.m.c.i.embedder.EclipseLogger - Using platform encoding (UTF-8 actually) to copy filtered resources, i.e. build is platform dependent!
2021-04-20 23:31:40,360 [Worker-6: Building] INFO  o.e.m.c.i.embedder.EclipseLogger - skip non existing resourceDirectory /media/imadhou/imadhou/WebServices/TPF/FootnRest/src/test/resources
2021-04-20 23:32:01,350 [Worker-1: Building] WARN  o.e.m.c.i.embedder.EclipseLogger - Using platform encoding (UTF-8 actually) to copy filtered resources, i.e. build is platform dependent!
2021-04-20 23:32:01,350 [Worker-1: Building] INFO  o.e.m.c.i.embedder.EclipseLogger - skip non existing resourceDirectory /media/imadhou/imadhou/WebServices/TPF/FootnRest/src/main/resources
2021-04-20 23:32:01,352 [Worker-1: Building] WARN  o.e.m.c.i.embedder.EclipseLogger - Using platform encoding (UTF-8 actually) to copy filtered resources, i.e. build is platform dependent!
2021-04-20 23:32:01,352 [Worker-1: Building] INFO  o.e.m.c.i.embedder.EclipseLogger - skip non existing resourceDirectory /media/imadhou/imadhou/WebServices/TPF/FootnRest/src/test/resources
2021-04-20 23:32:25,967 [Worker-1: Building] WARN  o.e.m.c.i.embedder.EclipseLogger - Using platform encoding (UTF-8 actually) to copy filtered resources, i.e. build is platform dependent!
2021-04-20 23:32:25,967 [Worker-1: Building] INFO  o.e.m.c.i.embedder.EclipseLogger - skip non existing resourceDirectory /media/imadhou/imadhou/WebServices/TPF/FootnRest/src/main/resources
2021-04-20 23:32:25,970 [Worker-1: Building] WARN  o.e.m.c.i.embedder.EclipseLogger - Using platform encoding (UTF-8 actually) to copy filtered resources, i.e. build is platform dependent!
2021-04-20 23:32:25,971 [Worker-1: Building] INFO  o.e.m.c.i.embedder.EclipseLogger - skip non existing resourceDirectory /media/imadhou/imadhou/WebServices/TPF/FootnRest/src/test/resources
2021-04-20 23:32:41,183 [Worker-1: Building] WARN  o.e.m.c.i.embedder.EclipseLogger - Using platform encoding (UTF-8 actually) to copy filtered resources, i.e. build is platform dependent!
2021-04-20 23:32:41,183 [Worker-1: Building] INFO  o.e.m.c.i.embedder.EclipseLogger - skip non existing resourceDirectory /media/imadhou/imadhou/WebServices/TPF/FootnRest/src/main/resources
2021-04-20 23:32:41,184 [Worker-1: Building] WARN  o.e.m.c.i.embedder.EclipseLogger - Using platform encoding (UTF-8 actually) to copy filtered resources, i.e. build is platform dependent!
2021-04-20 23:32:41,184 [Worker-1: Building] INFO  o.e.m.c.i.embedder.EclipseLogger - skip non existing resourceDirectory /media/imadhou/imadhou/WebServices/TPF/FootnRest/src/test/resources
2021-04-20 23:32:59,244 [Worker-6: Building] WARN  o.e.m.c.i.embedder.EclipseLogger - Using platform encoding (UTF-8 actually) to copy filtered resources, i.e. build is platform dependent!
2021-04-20 23:32:59,244 [Worker-6: Building] INFO  o.e.m.c.i.embedder.EclipseLogger - skip non existing resourceDirectory /media/imadhou/imadhou/WebServices/TPF/FootnRest/src/main/resources
2021-04-20 23:32:59,245 [Worker-6: Building] WARN  o.e.m.c.i.embedder.EclipseLogger - Using platform encoding (UTF-8 actually) to copy filtered resources, i.e. build is platform dependent!
2021-04-20 23:32:59,246 [Worker-6: Building] INFO  o.e.m.c.i.embedder.EclipseLogger - skip non existing resourceDirectory /media/imadhou/imadhou/WebServices/TPF/FootnRest/src/test/resources
2021-04-20 23:33:57,820 [Worker-29: Building] WARN  o.e.m.c.i.embedder.EclipseLogger - Using platform encoding (UTF-8 actually) to copy filtered resources, i.e. build is platform dependent!
2021-04-20 23:33:57,820 [Worker-29: Building] INFO  o.e.m.c.i.embedder.EclipseLogger - skip non existing resourceDirectory /media/imadhou/imadhou/WebServices/TPF/FootnRest/src/main/resources
2021-04-20 23:33:57,822 [Worker-29: Building] WARN  o.e.m.c.i.embedder.EclipseLogger - Using platform encoding (UTF-8 actually) to copy filtered resources, i.e. build is platform dependent!
2021-04-20 23:33:57,823 [Worker-29: Building] INFO  o.e.m.c.i.embedder.EclipseLogger - skip non existing resourceDirectory /media/imadhou/imadhou/WebServices/TPF/FootnRest/src/test/resources
2021-04-20 23:34:33,862 [Worker-1: Building] WARN  o.e.m.c.i.embedder.EclipseLogger - Using platform encoding (UTF-8 actually) to copy filtered resources, i.e. build is platform dependent!
2021-04-20 23:34:33,863 [Worker-1: Building] INFO  o.e.m.c.i.embedder.EclipseLogger - skip non existing resourceDirectory /media/imadhou/imadhou/WebServices/TPF/FootnRest/src/main/resources
2021-04-20 23:34:33,864 [Worker-1: Building] WARN  o.e.m.c.i.embedder.EclipseLogger - Using platform encoding (UTF-8 actually) to copy filtered resources, i.e. build is platform dependent!
2021-04-20 23:34:33,864 [Worker-1: Building] INFO  o.e.m.c.i.embedder.EclipseLogger - skip non existing resourceDirectory /media/imadhou/imadhou/WebServices/TPF/FootnRest/src/test/resources
2021-04-20 23:35:40,325 [Worker-6: Building] WARN  o.e.m.c.i.embedder.EclipseLogger - Using platform encoding (UTF-8 actually) to copy filtered resources, i.e. build is platform dependent!
2021-04-20 23:35:40,326 [Worker-6: Building] INFO  o.e.m.c.i.embedder.EclipseLogger - skip non existing resourceDirectory /media/imadhou/imadhou/WebServices/TPF/FootnRest/src/main/resources
2021-04-20 23:35:40,328 [Worker-6: Building] WARN  o.e.m.c.i.embedder.EclipseLogger - Using platform encoding (UTF-8 actually) to copy filtered resources, i.e. build is platform dependent!
2021-04-20 23:35:40,328 [Worker-6: Building] INFO  o.e.m.c.i.embedder.EclipseLogger - skip non existing resourceDirectory /media/imadhou/imadhou/WebServices/TPF/FootnRest/src/test/resources
2021-04-20 23:36:12,205 [Worker-29: Building] WARN  o.e.m.c.i.embedder.EclipseLogger - Using platform encoding (UTF-8 actually) to copy filtered resources, i.e. build is platform dependent!
2021-04-20 23:36:12,205 [Worker-29: Building] INFO  o.e.m.c.i.embedder.EclipseLogger - skip non existing resourceDirectory /media/imadhou/imadhou/WebServices/TPF/FootnRest/src/main/resources
2021-04-20 23:36:12,207 [Worker-29: Building] WARN  o.e.m.c.i.embedder.EclipseLogger - Using platform encoding (UTF-8 actually) to copy filtered resources, i.e. build is platform dependent!
2021-04-20 23:36:12,208 [Worker-29: Building] INFO  o.e.m.c.i.embedder.EclipseLogger - skip non existing resourceDirectory /media/imadhou/imadhou/WebServices/TPF/FootnRest/src/test/resources
2021-04-20 23:37:18,759 [Worker-25: Building] WARN  o.e.m.c.i.embedder.EclipseLogger - Using platform encoding (UTF-8 actually) to copy filtered resources, i.e. build is platform dependent!
2021-04-20 23:37:18,760 [Worker-25: Building] INFO  o.e.m.c.i.embedder.EclipseLogger - skip non existing resourceDirectory /media/imadhou/imadhou/WebServices/TPF/FootnRest/src/main/resources
2021-04-20 23:37:18,761 [Worker-25: Building] WARN  o.e.m.c.i.embedder.EclipseLogger - Using platform encoding (UTF-8 actually) to copy filtered resources, i.e. build is platform dependent!
2021-04-20 23:37:18,761 [Worker-25: Building] INFO  o.e.m.c.i.embedder.EclipseLogger - skip non existing resourceDirectory /media/imadhou/imadhou/WebServices/TPF/FootnRest/src/test/resources
2021-04-20 23:37:51,421 [Worker-6: Building] WARN  o.e.m.c.i.embedder.EclipseLogger - Using platform encoding (UTF-8 actually) to copy filtered resources, i.e. build is platform dependent!
2021-04-20 23:37:51,421 [Worker-6: Building] INFO  o.e.m.c.i.embedder.EclipseLogger - skip non existing resourceDirectory /media/imadhou/imadhou/WebServices/TPF/FootnRest/src/main/resources
2021-04-20 23:37:51,423 [Worker-6: Building] WARN  o.e.m.c.i.embedder.EclipseLogger - Using platform encoding (UTF-8 actually) to copy filtered resources, i.e. build is platform dependent!
2021-04-20 23:37:51,423 [Worker-6: Building] INFO  o.e.m.c.i.embedder.EclipseLogger - skip non existing resourceDirectory /media/imadhou/imadhou/WebServices/TPF/FootnRest/src/test/resources
2021-04-20 23:38:56,154 [Worker-30: Building] WARN  o.e.m.c.i.embedder.EclipseLogger - Using platform encoding (UTF-8 actually) to copy filtered resources, i.e. build is platform dependent!
2021-04-20 23:38:56,155 [Worker-30: Building] INFO  o.e.m.c.i.embedder.EclipseLogger - skip non existing resourceDirectory /media/imadhou/imadhou/WebServices/TPF/FootnRest/src/main/resources
2021-04-20 23:38:56,156 [Worker-30: Building] WARN  o.e.m.c.i.embedder.EclipseLogger - Using platform encoding (UTF-8 actually) to copy filtered resources, i.e. build is platform dependent!
2021-04-20 23:38:56,156 [Worker-30: Building] INFO  o.e.m.c.i.embedder.EclipseLogger - skip non existing resourceDirectory /media/imadhou/imadhou/WebServices/TPF/FootnRest/src/test/resources
2021-04-20 23:40:25,720 [Worker-30: Building] WARN  o.e.m.c.i.embedder.EclipseLogger - Using platform encoding (UTF-8 actually) to copy filtered resources, i.e. build is platform dependent!
2021-04-20 23:40:25,721 [Worker-30: Building] INFO  o.e.m.c.i.embedder.EclipseLogger - skip non existing resourceDirectory /media/imadhou/imadhou/WebServices/TPF/FootnRest/src/main/resources
2021-04-20 23:40:25,722 [Worker-30: Building] WARN  o.e.m.c.i.embedder.EclipseLogger - Using platform encoding (UTF-8 actually) to copy filtered resources, i.e. build is platform dependent!
2021-04-20 23:40:25,722 [Worker-30: Building] INFO  o.e.m.c.i.embedder.EclipseLogger - skip non existing resourceDirectory /media/imadhou/imadhou/WebServices/TPF/FootnRest/src/test/resources
2021-04-20 23:41:24,881 [Worker-24: Building] WARN  o.e.m.c.i.embedder.EclipseLogger - Using platform encoding (UTF-8 actually) to copy filtered resources, i.e. build is platform dependent!
2021-04-20 23:41:24,881 [Worker-24: Building] INFO  o.e.m.c.i.embedder.EclipseLogger - skip non existing resourceDirectory /media/imadhou/imadhou/WebServices/TPF/FootnRest/src/main/resources
2021-04-20 23:41:24,883 [Worker-24: Building] WARN  o.e.m.c.i.embedder.EclipseLogger - Using platform encoding (UTF-8 actually) to copy filtered resources, i.e. build is platform dependent!
2021-04-20 23:41:24,884 [Worker-24: Building] INFO  o.e.m.c.i.embedder.EclipseLogger - skip non existing resourceDirectory /media/imadhou/imadhou/WebServices/TPF/FootnRest/src/test/resources
2021-04-20 23:41:32,275 [Worker-28: Building] WARN  o.e.m.c.i.embedder.EclipseLogger - Using platform encoding (UTF-8 actually) to copy filtered resources, i.e. build is platform dependent!
2021-04-20 23:41:32,275 [Worker-28: Building] INFO  o.e.m.c.i.embedder.EclipseLogger - skip non existing resourceDirectory /media/imadhou/imadhou/WebServices/TPF/FootnRest/src/main/resources
2021-04-20 23:41:32,277 [Worker-28: Building] WARN  o.e.m.c.i.embedder.EclipseLogger - Using platform encoding (UTF-8 actually) to copy filtered resources, i.e. build is platform dependent!
2021-04-20 23:41:32,278 [Worker-28: Building] INFO  o.e.m.c.i.embedder.EclipseLogger - skip non existing resourceDirectory /media/imadhou/imadhou/WebServices/TPF/FootnRest/src/test/resources
2021-04-20 23:41:38,888 [Worker-26: Building] WARN  o.e.m.c.i.embedder.EclipseLogger - Using platform encoding (UTF-8 actually) to copy filtered resources, i.e. build is platform dependent!
2021-04-20 23:41:38,889 [Worker-26: Building] INFO  o.e.m.c.i.embedder.EclipseLogger - skip non existing resourceDirectory /media/imadhou/imadhou/WebServices/TPF/FootnRest/src/main/resources
2021-04-20 23:41:38,890 [Worker-26: Building] WARN  o.e.m.c.i.embedder.EclipseLogger - Using platform encoding (UTF-8 actually) to copy filtered resources, i.e. build is platform dependent!
2021-04-20 23:41:38,890 [Worker-26: Building] INFO  o.e.m.c.i.embedder.EclipseLogger - skip non existing resourceDirectory /media/imadhou/imadhou/WebServices/TPF/FootnRest/src/test/resources
2021-04-20 23:43:41,134 [Worker-28: Building] WARN  o.e.m.c.i.embedder.EclipseLogger - Using platform encoding (UTF-8 actually) to copy filtered resources, i.e. build is platform dependent!
2021-04-20 23:43:41,134 [Worker-28: Building] INFO  o.e.m.c.i.embedder.EclipseLogger - skip non existing resourceDirectory /media/imadhou/imadhou/WebServices/TPF/FootnRest/src/main/resources
2021-04-20 23:43:41,136 [Worker-28: Building] WARN  o.e.m.c.i.embedder.EclipseLogger - Using platform encoding (UTF-8 actually) to copy filtered resources, i.e. build is platform dependent!
2021-04-20 23:43:41,137 [Worker-28: Building] INFO  o.e.m.c.i.embedder.EclipseLogger - skip non existing resourceDirectory /media/imadhou/imadhou/WebServices/TPF/FootnRest/src/test/resources
2021-04-20 23:44:25,468 [Worker-24: Building] WARN  o.e.m.c.i.embedder.EclipseLogger - Using platform encoding (UTF-8 actually) to copy filtered resources, i.e. build is platform dependent!
2021-04-20 23:44:25,469 [Worker-24: Building] INFO  o.e.m.c.i.embedder.EclipseLogger - skip non existing resourceDirectory /media/imadhou/imadhou/WebServices/TPF/FootnRest/src/main/resources
2021-04-20 23:44:25,470 [Worker-24: Building] WARN  o.e.m.c.i.embedder.EclipseLogger - Using platform encoding (UTF-8 actually) to copy filtered resources, i.e. build is platform dependent!
2021-04-20 23:44:25,470 [Worker-24: Building] INFO  o.e.m.c.i.embedder.EclipseLogger - skip non existing resourceDirectory /media/imadhou/imadhou/WebServices/TPF/FootnRest/src/test/resources
2021-04-20 23:46:29,031 [Worker-30: Building] WARN  o.e.m.c.i.embedder.EclipseLogger - Using platform encoding (UTF-8 actually) to copy filtered resources, i.e. build is platform dependent!
2021-04-20 23:46:29,031 [Worker-30: Building] INFO  o.e.m.c.i.embedder.EclipseLogger - skip non existing resourceDirectory /media/imadhou/imadhou/WebServices/TPF/FootnRest/src/main/resources
2021-04-20 23:46:29,033 [Worker-30: Building] WARN  o.e.m.c.i.embedder.EclipseLogger - Using platform encoding (UTF-8 actually) to copy filtered resources, i.e. build is platform dependent!
2021-04-20 23:46:29,033 [Worker-30: Building] INFO  o.e.m.c.i.embedder.EclipseLogger - skip non existing resourceDirectory /media/imadhou/imadhou/WebServices/TPF/FootnRest/src/test/resources
2021-04-20 23:46:57,264 [Worker-6: Building] WARN  o.e.m.c.i.embedder.EclipseLogger - Using platform encoding (UTF-8 actually) to copy filtered resources, i.e. build is platform dependent!
2021-04-20 23:46:57,265 [Worker-6: Building] INFO  o.e.m.c.i.embedder.EclipseLogger - skip non existing resourceDirectory /media/imadhou/imadhou/WebServices/TPF/FootnRest/src/main/resources
2021-04-20 23:46:57,266 [Worker-6: Building] WARN  o.e.m.c.i.embedder.EclipseLogger - Using platform encoding (UTF-8 actually) to copy filtered resources, i.e. build is platform dependent!
2021-04-20 23:46:57,266 [Worker-6: Building] INFO  o.e.m.c.i.embedder.EclipseLogger - skip non existing resourceDirectory /media/imadhou/imadhou/WebServices/TPF/FootnRest/src/test/resources
2021-04-20 23:47:35,033 [Worker-6: Building] WARN  o.e.m.c.i.embedder.EclipseLogger - Using platform encoding (UTF-8 actually) to copy filtered resources, i.e. build is platform dependent!
2021-04-20 23:47:35,034 [Worker-6: Building] INFO  o.e.m.c.i.embedder.EclipseLogger - skip non existing resourceDirectory /media/imadhou/imadhou/WebServices/TPF/FootnRest/src/main/resources
2021-04-20 23:47:35,035 [Worker-6: Building] WARN  o.e.m.c.i.embedder.EclipseLogger - Using platform encoding (UTF-8 actually) to copy filtered resources, i.e. build is platform dependent!
2021-04-20 23:47:35,036 [Worker-6: Building] INFO  o.e.m.c.i.embedder.EclipseLogger - skip non existing resourceDirectory /media/imadhou/imadhou/WebServices/TPF/FootnRest/src/test/resources
2021-04-21 00:07:02,209 [Worker-6: Building] WARN  o.e.m.c.i.embedder.EclipseLogger - Using platform encoding (UTF-8 actually) to copy filtered resources, i.e. build is platform dependent!
2021-04-21 00:07:02,209 [Worker-6: Building] INFO  o.e.m.c.i.embedder.EclipseLogger - skip non existing resourceDirectory /media/imadhou/imadhou/WebServices/TPF/FootnRest/src/main/resources
2021-04-21 00:07:02,210 [Worker-6: Building] WARN  o.e.m.c.i.embedder.EclipseLogger - Using platform encoding (UTF-8 actually) to copy filtered resources, i.e. build is platform dependent!
2021-04-21 00:07:02,211 [Worker-6: Building] INFO  o.e.m.c.i.embedder.EclipseLogger - skip non existing resourceDirectory /media/imadhou/imadhou/WebServices/TPF/FootnRest/src/test/resources
2021-04-21 00:07:09,564 [Worker-1: Building] WARN  o.e.m.c.i.embedder.EclipseLogger - Using platform encoding (UTF-8 actually) to copy filtered resources, i.e. build is platform dependent!
2021-04-21 00:07:09,565 [Worker-1: Building] INFO  o.e.m.c.i.embedder.EclipseLogger - skip non existing resourceDirectory /media/imadhou/imadhou/WebServices/TPF/FootnRest/src/main/resources
2021-04-21 00:07:09,566 [Worker-1: Building] WARN  o.e.m.c.i.embedder.EclipseLogger - Using platform encoding (UTF-8 actually) to copy filtered resources, i.e. build is platform dependent!
2021-04-21 00:07:09,566 [Worker-1: Building] INFO  o.e.m.c.i.embedder.EclipseLogger - skip non existing resourceDirectory /media/imadhou/imadhou/WebServices/TPF/FootnRest/src/test/resources
2021-04-21 00:51:54,496 [Worker-41: Building] WARN  o.e.m.c.i.embedder.EclipseLogger - Using platform encoding (UTF-8 actually) to copy filtered resources, i.e. build is platform dependent!
2021-04-21 00:51:54,497 [Worker-41: Building] INFO  o.e.m.c.i.embedder.EclipseLogger - skip non existing resourceDirectory /media/imadhou/imadhou/WebServices/TPF/FootnRest/src/main/resources
2021-04-21 00:51:54,498 [Worker-41: Building] WARN  o.e.m.c.i.embedder.EclipseLogger - Using platform encoding (UTF-8 actually) to copy filtered resources, i.e. build is platform dependent!
2021-04-21 00:51:54,499 [Worker-41: Building] INFO  o.e.m.c.i.embedder.EclipseLogger - skip non existing resourceDirectory /media/imadhou/imadhou/WebServices/TPF/FootnRest/src/test/resources
2021-04-21 00:52:19,563 [Worker-42: Building] WARN  o.e.m.c.i.embedder.EclipseLogger - Using platform encoding (UTF-8 actually) to copy filtered resources, i.e. build is platform dependent!
2021-04-21 00:52:19,563 [Worker-42: Building] INFO  o.e.m.c.i.embedder.EclipseLogger - skip non existing resourceDirectory /media/imadhou/imadhou/WebServices/TPF/FootnRest/src/main/resources
2021-04-21 00:52:19,565 [Worker-42: Building] WARN  o.e.m.c.i.embedder.EclipseLogger - Using platform encoding (UTF-8 actually) to copy filtered resources, i.e. build is platform dependent!
2021-04-21 00:52:19,565 [Worker-42: Building] INFO  o.e.m.c.i.embedder.EclipseLogger - skip non existing resourceDirectory /media/imadhou/imadhou/WebServices/TPF/FootnRest/src/test/resources
2021-04-21 00:52:24,715 [Worker-41: Building] WARN  o.e.m.c.i.embedder.EclipseLogger - Using platform encoding (UTF-8 actually) to copy filtered resources, i.e. build is platform dependent!
2021-04-21 00:52:24,716 [Worker-41: Building] INFO  o.e.m.c.i.embedder.EclipseLogger - skip non existing resourceDirectory /media/imadhou/imadhou/WebServices/TPF/FootnRest/src/main/resources
2021-04-21 00:52:24,717 [Worker-41: Building] WARN  o.e.m.c.i.embedder.EclipseLogger - Using platform encoding (UTF-8 actually) to copy filtered resources, i.e. build is platform dependent!
2021-04-21 00:52:24,717 [Worker-41: Building] INFO  o.e.m.c.i.embedder.EclipseLogger - skip non existing resourceDirectory /media/imadhou/imadhou/WebServices/TPF/FootnRest/src/test/resources
2021-04-21 01:24:23,545 [Worker-44: Building] WARN  o.e.m.c.i.embedder.EclipseLogger - Using platform encoding (UTF-8 actually) to copy filtered resources, i.e. build is platform dependent!
2021-04-21 01:24:23,546 [Worker-44: Building] INFO  o.e.m.c.i.embedder.EclipseLogger - skip non existing resourceDirectory /media/imadhou/imadhou/WebServices/TPF/FootnRest/src/main/resources
2021-04-21 01:24:23,548 [Worker-44: Building] WARN  o.e.m.c.i.embedder.EclipseLogger - Using platform encoding (UTF-8 actually) to copy filtered resources, i.e. build is platform dependent!
2021-04-21 01:24:23,548 [Worker-44: Building] INFO  o.e.m.c.i.embedder.EclipseLogger - skip non existing resourceDirectory /media/imadhou/imadhou/WebServices/TPF/FootnRest/src/test/resources
2021-04-21 01:24:52,873 [Worker-43: Building] WARN  o.e.m.c.i.embedder.EclipseLogger - Using platform encoding (UTF-8 actually) to copy filtered resources, i.e. build is platform dependent!
2021-04-21 01:24:52,874 [Worker-43: Building] INFO  o.e.m.c.i.embedder.EclipseLogger - skip non existing resourceDirectory /media/imadhou/imadhou/WebServices/TPF/FootnRest/src/main/resources
2021-04-21 01:24:52,875 [Worker-43: Building] WARN  o.e.m.c.i.embedder.EclipseLogger - Using platform encoding (UTF-8 actually) to copy filtered resources, i.e. build is platform dependent!
2021-04-21 01:24:52,875 [Worker-43: Building] INFO  o.e.m.c.i.embedder.EclipseLogger - skip non existing resourceDirectory /media/imadhou/imadhou/WebServices/TPF/FootnRest/src/test/resources
2021-04-21 01:38:20,954 [Worker-36: Building] WARN  o.e.m.c.i.embedder.EclipseLogger - Using platform encoding (UTF-8 actually) to copy filtered resources, i.e. build is platform dependent!
2021-04-21 01:38:20,955 [Worker-36: Building] INFO  o.e.m.c.i.embedder.EclipseLogger - skip non existing resourceDirectory /media/imadhou/imadhou/WebServices/TPF/FootnRest/src/main/resources
2021-04-21 01:38:20,957 [Worker-36: Building] WARN  o.e.m.c.i.embedder.EclipseLogger - Using platform encoding (UTF-8 actually) to copy filtered resources, i.e. build is platform dependent!
2021-04-21 01:38:20,958 [Worker-36: Building] INFO  o.e.m.c.i.embedder.EclipseLogger - skip non existing resourceDirectory /media/imadhou/imadhou/WebServices/TPF/FootnRest/src/test/resources
2021-04-21 01:38:50,418 [Worker-45: Building] WARN  o.e.m.c.i.embedder.EclipseLogger - Using platform encoding (UTF-8 actually) to copy filtered resources, i.e. build is platform dependent!
2021-04-21 01:38:50,418 [Worker-45: Building] INFO  o.e.m.c.i.embedder.EclipseLogger - skip non existing resourceDirectory /media/imadhou/imadhou/WebServices/TPF/FootnRest/src/main/resources
2021-04-21 01:38:50,419 [Worker-45: Building] WARN  o.e.m.c.i.embedder.EclipseLogger - Using platform encoding (UTF-8 actually) to copy filtered resources, i.e. build is platform dependent!
2021-04-21 01:38:50,419 [Worker-45: Building] INFO  o.e.m.c.i.embedder.EclipseLogger - skip non existing resourceDirectory /media/imadhou/imadhou/WebServices/TPF/FootnRest/src/test/resources
2021-04-21 01:52:01,181 [Worker-45: Building] WARN  o.e.m.c.i.embedder.EclipseLogger - Using platform encoding (UTF-8 actually) to copy filtered resources, i.e. build is platform dependent!
2021-04-21 01:52:01,181 [Worker-45: Building] INFO  o.e.m.c.i.embedder.EclipseLogger - skip non existing resourceDirectory /media/imadhou/imadhou/WebServices/TPF/FootnRest/src/main/resources
2021-04-21 01:52:01,183 [Worker-45: Building] WARN  o.e.m.c.i.embedder.EclipseLogger - Using platform encoding (UTF-8 actually) to copy filtered resources, i.e. build is platform dependent!
2021-04-21 01:52:01,183 [Worker-45: Building] INFO  o.e.m.c.i.embedder.EclipseLogger - skip non existing resourceDirectory /media/imadhou/imadhou/WebServices/TPF/FootnRest/src/test/resources
2021-04-21 01:52:29,042 [Worker-46: Building] WARN  o.e.m.c.i.embedder.EclipseLogger - Using platform encoding (UTF-8 actually) to copy filtered resources, i.e. build is platform dependent!
2021-04-21 01:52:29,042 [Worker-46: Building] INFO  o.e.m.c.i.embedder.EclipseLogger - skip non existing resourceDirectory /media/imadhou/imadhou/WebServices/TPF/FootnRest/src/main/resources
2021-04-21 01:52:29,044 [Worker-46: Building] WARN  o.e.m.c.i.embedder.EclipseLogger - Using platform encoding (UTF-8 actually) to copy filtered resources, i.e. build is platform dependent!
2021-04-21 01:52:29,045 [Worker-46: Building] INFO  o.e.m.c.i.embedder.EclipseLogger - skip non existing resourceDirectory /media/imadhou/imadhou/WebServices/TPF/FootnRest/src/test/resources
2021-04-21 01:52:33,291 [Worker-44: Building] WARN  o.e.m.c.i.embedder.EclipseLogger - Using platform encoding (UTF-8 actually) to copy filtered resources, i.e. build is platform dependent!
2021-04-21 01:52:33,291 [Worker-44: Building] INFO  o.e.m.c.i.embedder.EclipseLogger - skip non existing resourceDirectory /media/imadhou/imadhou/WebServices/TPF/FootnRest/src/main/resources
2021-04-21 01:52:33,292 [Worker-44: Building] WARN  o.e.m.c.i.embedder.EclipseLogger - Using platform encoding (UTF-8 actually) to copy filtered resources, i.e. build is platform dependent!
2021-04-21 01:52:33,293 [Worker-44: Building] INFO  o.e.m.c.i.embedder.EclipseLogger - skip non existing resourceDirectory /media/imadhou/imadhou/WebServices/TPF/FootnRest/src/test/resources
2021-04-21 01:52:47,709 [Worker-41: Building] WARN  o.e.m.c.i.embedder.EclipseLogger - Using platform encoding (UTF-8 actually) to copy filtered resources, i.e. build is platform dependent!
2021-04-21 01:52:47,709 [Worker-41: Building] INFO  o.e.m.c.i.embedder.EclipseLogger - skip non existing resourceDirectory /media/imadhou/imadhou/WebServices/TPF/FootnRest/src/main/resources
2021-04-21 01:52:47,711 [Worker-41: Building] WARN  o.e.m.c.i.embedder.EclipseLogger - Using platform encoding (UTF-8 actually) to copy filtered resources, i.e. build is platform dependent!
2021-04-21 01:52:47,711 [Worker-41: Building] INFO  o.e.m.c.i.embedder.EclipseLogger - skip non existing resourceDirectory /media/imadhou/imadhou/WebServices/TPF/FootnRest/src/test/resources
2021-04-21 01:53:14,401 [Worker-41: Building] WARN  o.e.m.c.i.embedder.EclipseLogger - Using platform encoding (UTF-8 actually) to copy filtered resources, i.e. build is platform dependent!
2021-04-21 01:53:14,401 [Worker-41: Building] INFO  o.e.m.c.i.embedder.EclipseLogger - skip non existing resourceDirectory /media/imadhou/imadhou/WebServices/TPF/FootnRest/src/main/resources
2021-04-21 01:53:14,403 [Worker-41: Building] WARN  o.e.m.c.i.embedder.EclipseLogger - Using platform encoding (UTF-8 actually) to copy filtered resources, i.e. build is platform dependent!
2021-04-21 01:53:14,403 [Worker-41: Building] INFO  o.e.m.c.i.embedder.EclipseLogger - skip non existing resourceDirectory /media/imadhou/imadhou/WebServices/TPF/FootnRest/src/test/resources
2021-04-21 01:54:02,510 [Worker-41: Building] WARN  o.e.m.c.i.embedder.EclipseLogger - Using platform encoding (UTF-8 actually) to copy filtered resources, i.e. build is platform dependent!
2021-04-21 01:54:02,511 [Worker-41: Building] INFO  o.e.m.c.i.embedder.EclipseLogger - skip non existing resourceDirectory /media/imadhou/imadhou/WebServices/TPF/FootnRest/src/main/resources
2021-04-21 01:54:02,512 [Worker-41: Building] WARN  o.e.m.c.i.embedder.EclipseLogger - Using platform encoding (UTF-8 actually) to copy filtered resources, i.e. build is platform dependent!
2021-04-21 01:54:02,512 [Worker-41: Building] INFO  o.e.m.c.i.embedder.EclipseLogger - skip non existing resourceDirectory /media/imadhou/imadhou/WebServices/TPF/FootnRest/src/test/resources
2021-04-21 01:54:11,233 [Worker-46: Building] WARN  o.e.m.c.i.embedder.EclipseLogger - Using platform encoding (UTF-8 actually) to copy filtered resources, i.e. build is platform dependent!
2021-04-21 01:54:11,234 [Worker-46: Building] INFO  o.e.m.c.i.embedder.EclipseLogger - skip non existing resourceDirectory /media/imadhou/imadhou/WebServices/TPF/FootnRest/src/main/resources
2021-04-21 01:54:11,235 [Worker-46: Building] WARN  o.e.m.c.i.embedder.EclipseLogger - Using platform encoding (UTF-8 actually) to copy filtered resources, i.e. build is platform dependent!
2021-04-21 01:54:11,236 [Worker-46: Building] INFO  o.e.m.c.i.embedder.EclipseLogger - skip non existing resourceDirectory /media/imadhou/imadhou/WebServices/TPF/FootnRest/src/test/resources
2021-04-21 01:54:51,427 [Worker-48: Building] WARN  o.e.m.c.i.embedder.EclipseLogger - Using platform encoding (UTF-8 actually) to copy filtered resources, i.e. build is platform dependent!
2021-04-21 01:54:51,427 [Worker-48: Building] INFO  o.e.m.c.i.embedder.EclipseLogger - skip non existing resourceDirectory /media/imadhou/imadhou/WebServices/TPF/FootnRest/src/main/resources
2021-04-21 01:54:51,428 [Worker-48: Building] WARN  o.e.m.c.i.embedder.EclipseLogger - Using platform encoding (UTF-8 actually) to copy filtered resources, i.e. build is platform dependent!
2021-04-21 01:54:51,429 [Worker-48: Building] INFO  o.e.m.c.i.embedder.EclipseLogger - skip non existing resourceDirectory /media/imadhou/imadhou/WebServices/TPF/FootnRest/src/test/resources
2021-04-21 01:54:58,015 [Worker-45: Building] WARN  o.e.m.c.i.embedder.EclipseLogger - Using platform encoding (UTF-8 actually) to copy filtered resources, i.e. build is platform dependent!
2021-04-21 01:54:58,016 [Worker-45: Building] INFO  o.e.m.c.i.embedder.EclipseLogger - skip non existing resourceDirectory /media/imadhou/imadhou/WebServices/TPF/FootnRest/src/main/resources
2021-04-21 01:54:58,017 [Worker-45: Building] WARN  o.e.m.c.i.embedder.EclipseLogger - Using platform encoding (UTF-8 actually) to copy filtered resources, i.e. build is platform dependent!
2021-04-21 01:54:58,017 [Worker-45: Building] INFO  o.e.m.c.i.embedder.EclipseLogger - skip non existing resourceDirectory /media/imadhou/imadhou/WebServices/TPF/FootnRest/src/test/resources
2021-04-21 01:55:03,949 [Worker-49: Building] WARN  o.e.m.c.i.embedder.EclipseLogger - Using platform encoding (UTF-8 actually) to copy filtered resources, i.e. build is platform dependent!
2021-04-21 01:55:03,949 [Worker-49: Building] INFO  o.e.m.c.i.embedder.EclipseLogger - skip non existing resourceDirectory /media/imadhou/imadhou/WebServices/TPF/FootnRest/src/main/resources
2021-04-21 01:55:03,950 [Worker-49: Building] WARN  o.e.m.c.i.embedder.EclipseLogger - Using platform encoding (UTF-8 actually) to copy filtered resources, i.e. build is platform dependent!
2021-04-21 01:55:03,951 [Worker-49: Building] INFO  o.e.m.c.i.embedder.EclipseLogger - skip non existing resourceDirectory /media/imadhou/imadhou/WebServices/TPF/FootnRest/src/test/resources
